2023/09/24 10:55:22 [notice] 1#1: using the "epoll" event method
2023/09/24 10:55:22 [notice] 1#1: nginx/1.25.2
2023/09/24 10:55:22 [notice] 1#1: built by gcc 12.2.0 (Debian 12.2.0-14) 
2023/09/24 10:55:22 [notice] 1#1: OS: Linux 5.10.16.3-microsoft-standard-WSL2
2023/09/24 10:55:22 [notice] 1#1: getrlimit(RLIMIT_NOFILE): 1048576:1048576
2023/09/24 10:55:22 [notice] 1#1: start worker processes
2023/09/24 10:55:22 [notice] 1#1: start worker process 28
2023/09/24 10:55:22 [notice] 1#1: start worker process 29
2023/09/24 10:55:36 [error] 28#28: *1 open() "/var/www/favicon.ico" failed (2: No such file or directory), client: 172.21.0.1, server: , request: "GET /favicon.ico HTTP/1.1", host: "localhost", referrer: "http://localhost/"
2023/09/24 11:04:51 [notice] 1#1: signal 3 (SIGQUIT) received, shutting down
2023/09/24 11:04:51 [notice] 29#29: gracefully shutting down
2023/09/24 11:04:51 [notice] 29#29: exiting
2023/09/24 11:04:51 [notice] 29#29: exit
2023/09/24 11:04:51 [notice] 28#28: gracefully shutting down
2023/09/24 11:04:51 [notice] 28#28: exiting
2023/09/24 11:04:51 [notice] 28#28: exit
2023/09/24 11:04:52 [notice] 1#1: signal 17 (SIGCHLD) received from 29
2023/09/24 11:04:52 [notice] 1#1: worker process 29 exited with code 0
2023/09/24 11:04:52 [notice] 1#1: worker process 28 exited with code 0
2023/09/24 11:04:52 [notice] 1#1: exit
2023/09/24 11:08:15 [notice] 1#1: using the "epoll" event method
2023/09/24 11:08:15 [notice] 1#1: nginx/1.25.2
2023/09/24 11:08:15 [notice] 1#1: built by gcc 12.2.0 (Debian 12.2.0-14) 
2023/09/24 11:08:15 [notice] 1#1: OS: Linux 5.10.16.3-microsoft-standard-WSL2
2023/09/24 11:08:15 [notice] 1#1: getrlimit(RLIMIT_NOFILE): 1048576:1048576
2023/09/24 11:08:15 [notice] 1#1: start worker processes
2023/09/24 11:08:15 [notice] 1#1: start worker process 28
2023/09/24 11:08:15 [notice] 1#1: start worker process 29
2023/09/24 11:09:55 [error] 28#28: *2 open() "/var/www/phpinfo" failed (2: No such file or directory), client: 172.22.0.1, server: , request: "GET /phpinfo HTTP/1.1", host: "localhost"
2023/09/24 11:14:37 [error] 29#29: *3 open() "/var/www/phpinfo" failed (2: No such file or directory), client: 172.22.0.1, server: , request: "GET /phpinfo HTTP/1.1", host: "localhost"
2023/09/24 11:14:37 [error] 29#29: *3 open() "/var/www/favicon.ico" failed (2: No such file or directory), client: 172.22.0.1, server: , request: "GET /favicon.ico HTTP/1.1", host: "localhost", referrer: "http://localhost/phpinfo"
2023/09/24 11:14:38 [error] 29#29: *3 open() "/var/www/phpinfo" failed (2: No such file or directory), client: 172.22.0.1, server: , request: "GET /phpinfo HTTP/1.1", host: "localhost"
2023/09/24 11:14:38 [error] 29#29: *3 open() "/var/www/favicon.ico" failed (2: No such file or directory), client: 172.22.0.1, server: , request: "GET /favicon.ico HTTP/1.1", host: "localhost", referrer: "http://localhost/phpinfo"
2023/09/24 11:14:39 [error] 29#29: *3 open() "/var/www/phpinfo" failed (2: No such file or directory), client: 172.22.0.1, server: , request: "GET /phpinfo HTTP/1.1", host: "localhost"
2023/09/24 11:14:39 [error] 29#29: *3 open() "/var/www/favicon.ico" failed (2: No such file or directory), client: 172.22.0.1, server: , request: "GET /favicon.ico HTTP/1.1", host: "localhost", referrer: "http://localhost/phpinfo"
2023/09/24 11:15:09 [error] 29#29: *3 open() "/var/www/phpinfo" failed (2: No such file or directory), client: 172.22.0.1, server: , request: "GET /phpinfo HTTP/1.1", host: "localhost"
2023/09/24 11:15:09 [error] 29#29: *3 open() "/var/www/favicon.ico" failed (2: No such file or directory), client: 172.22.0.1, server: , request: "GET /favicon.ico HTTP/1.1", host: "localhost", referrer: "http://localhost/phpinfo"
2023/09/24 11:18:59 [notice] 1#1: signal 3 (SIGQUIT) received, shutting down
2023/09/24 11:18:59 [notice] 28#28: gracefully shutting down
2023/09/24 11:18:59 [notice] 29#29: gracefully shutting down
2023/09/24 11:18:59 [notice] 28#28: exiting
2023/09/24 11:18:59 [notice] 29#29: exiting
2023/09/24 11:18:59 [notice] 28#28: exit
2023/09/24 11:18:59 [notice] 29#29: exit
2023/09/24 11:18:59 [notice] 1#1: signal 17 (SIGCHLD) received from 29
2023/09/24 11:18:59 [notice] 1#1: worker process 29 exited with code 0
2023/09/24 11:18:59 [notice] 1#1: signal 29 (SIGIO) received
2023/09/24 11:18:59 [notice] 1#1: signal 17 (SIGCHLD) received from 28
2023/09/24 11:18:59 [notice] 1#1: worker process 28 exited with code 0
2023/09/24 11:18:59 [notice] 1#1: exit
2023/09/24 11:19:29 [emerg] 1#1: unknown directive "//" in /etc/nginx/conf.d/default.conf:13
2023/09/24 11:21:43 [emerg] 1#1: unknown directive "//" in /etc/nginx/conf.d/default.conf:12
2023/09/24 11:25:28 [notice] 1#1: using the "epoll" event method
2023/09/24 11:25:28 [notice] 1#1: nginx/1.25.2
2023/09/24 11:25:28 [notice] 1#1: built by gcc 12.2.0 (Debian 12.2.0-14) 
2023/09/24 11:25:28 [notice] 1#1: OS: Linux 5.10.16.3-microsoft-standard-WSL2
2023/09/24 11:25:28 [notice] 1#1: getrlimit(RLIMIT_NOFILE): 1048576:1048576
2023/09/24 11:25:28 [notice] 1#1: start worker processes
2023/09/24 11:25:28 [notice] 1#1: start worker process 28
2023/09/24 11:25:28 [notice] 1#1: start worker process 29
2023/09/24 11:28:13 [notice] 1#1: signal 3 (SIGQUIT) received, shutting down
2023/09/24 11:28:13 [notice] 28#28: gracefully shutting down
2023/09/24 11:28:13 [notice] 28#28: exiting
2023/09/24 11:28:13 [notice] 28#28: exit
2023/09/24 11:28:13 [notice] 29#29: gracefully shutting down
2023/09/24 11:28:13 [notice] 29#29: exiting
2023/09/24 11:28:13 [notice] 29#29: exit
2023/09/24 11:28:13 [notice] 1#1: signal 17 (SIGCHLD) received from 29
2023/09/24 11:28:13 [notice] 1#1: worker process 28 exited with code 0
2023/09/24 11:28:13 [notice] 1#1: worker process 29 exited with code 0
2023/09/24 11:28:13 [notice] 1#1: exit
2023/09/24 11:43:13 [notice] 1#1: using the "epoll" event method
2023/09/24 11:43:13 [notice] 1#1: nginx/1.25.2
2023/09/24 11:43:13 [notice] 1#1: built by gcc 12.2.0 (Debian 12.2.0-14) 
2023/09/24 11:43:13 [notice] 1#1: OS: Linux 5.10.16.3-microsoft-standard-WSL2
2023/09/24 11:43:13 [notice] 1#1: getrlimit(RLIMIT_NOFILE): 1048576:1048576
2023/09/24 11:43:13 [notice] 1#1: start worker processes
2023/09/24 11:43:13 [notice] 1#1: start worker process 28
2023/09/24 11:43:13 [notice] 1#1: start worker process 29
2023/09/24 11:43:36 [error] 29#29: *3 directory index of "/var/www/" is forbidden, client: 172.27.0.1, server: localhost, request: "GET / HTTP/1.1", host: "localhost"
2023/09/24 11:46:19 [notice] 1#1: signal 3 (SIGQUIT) received, shutting down
2023/09/24 11:46:19 [notice] 28#28: gracefully shutting down
2023/09/24 11:46:19 [notice] 28#28: exiting
2023/09/24 11:46:19 [notice] 28#28: exit
2023/09/24 11:46:19 [notice] 29#29: gracefully shutting down
2023/09/24 11:46:19 [notice] 29#29: exiting
2023/09/24 11:46:19 [notice] 29#29: exit
2023/09/24 11:46:19 [notice] 1#1: signal 17 (SIGCHLD) received from 28
2023/09/24 11:46:19 [notice] 1#1: worker process 28 exited with code 0
2023/09/24 11:46:19 [notice] 1#1: signal 29 (SIGIO) received
2023/09/24 11:46:19 [notice] 1#1: signal 17 (SIGCHLD) received from 29
2023/09/24 11:46:19 [notice] 1#1: worker process 29 exited with code 0
2023/09/24 11:46:19 [notice] 1#1: exit
2023/09/24 16:51:18 [notice] 1#1: using the "epoll" event method
2023/09/24 16:51:18 [notice] 1#1: nginx/1.25.2
2023/09/24 16:51:18 [notice] 1#1: built by gcc 12.2.0 (Debian 12.2.0-14) 
2023/09/24 16:51:18 [notice] 1#1: OS: Linux 5.10.16.3-microsoft-standard-WSL2
2023/09/24 16:51:18 [notice] 1#1: getrlimit(RLIMIT_NOFILE): 1048576:1048576
2023/09/24 16:51:18 [notice] 1#1: start worker processes
2023/09/24 16:51:18 [notice] 1#1: start worker process 28
2023/09/24 16:51:18 [notice] 1#1: start worker process 29
2023/09/24 16:52:00 [notice] 1#1: signal 3 (SIGQUIT) received, shutting down
2023/09/24 16:52:00 [notice] 28#28: gracefully shutting down
2023/09/24 16:52:00 [notice] 29#29: gracefully shutting down
2023/09/24 16:52:00 [notice] 28#28: exiting
2023/09/24 16:52:00 [notice] 29#29: exiting
2023/09/24 16:52:00 [notice] 28#28: exit
2023/09/24 16:52:00 [notice] 29#29: exit
2023/09/24 16:52:00 [notice] 1#1: signal 17 (SIGCHLD) received from 29
2023/09/24 16:52:00 [notice] 1#1: worker process 28 exited with code 0
2023/09/24 16:52:00 [notice] 1#1: worker process 29 exited with code 0
2023/09/24 16:52:00 [notice] 1#1: exit
